<?xml version="1.0" encoding="UTF-8"?>
<testsuites name="TS01 - Get" time="20" tests="2" failures="0" errors="0">
   <testsuite name="TS01 - Get" tests="2" failures="0" errors="0" time="20" timestamp="2018-10-24 16:03:09" hostname="Guest Admin - 192.168.1.107" id="Test Suites/TS01 - Get Request/TS01 - Get">
      <properties>
         <property name="deviceName" value=""/>
         <property name="devicePlatform" value=""/>
         <property name="logFolder" value="C:\\Users\\Guest Admin\\Katalon Studio\\API Automation\\Reports\\TS01 - Get Request\\TS01 - Get\\20181024_160300"/>
         <property name="logFiles" value="C:\\Users\\Guest Admin\\Katalon Studio\\API Automation\\Reports\\TS01 - Get Request\\TS01 - Get\\20181024_160300\\execution0.log"/>
         <property name="attachments" value=""/>
         <property name="hostName" value="Guest Admin - 192.168.1.107"/>
         <property name="hostAddress" value="192.168.1.107"/>
         <property name="os" value="Windows 10 64bit"/>
         <property name="katalonVersion" value="5.8.2.1"/>
      </properties>
      <testcase name="Test Cases/TC01 - Get Request/TC01 - Get List of users" classname="Test Cases/TC01 - Get Request/TC01 - Get List of users" status="PASSED">
         <system-out><![CDATA[2018-10-24 16:03:10 - [TEST_CASE][PASSED] - Test Cases/TC01 - Get Request/TC01 - Get List of users: Test Cases/TC01 - Get Request/TC01 - Get List of users

2018-10-24 16:03:11 - [TEST_STEP][PASSED] - Statement - resp = com.kms.katalon.core.webservice.keyword.WSBuiltInKeywords.sendRequest(com.kms.katalon.core.testobject.ObjectRepository.findTestObject(Get Request/List of Users)): Send request successfully

2018-10-24 16:03:23 - [MESSAGE][PASSED] - Send request successfully

2018-10-24 16:03:23 - [TEST_STEP][PASSED] - verifyResponseStatusCode: Verify response status code successfully

2018-10-24 16:03:23 - [MESSAGE][PASSED] - Verify response status code successfully

2018-10-24 16:03:23 - [TEST_STEP][PASSED] - verifyElementPropertyValue: Verify element property value successfully

2018-10-24 16:03:23 - [MESSAGE][PASSED] - Verify element property value successfully]]></system-out>
         <system-err><![CDATA[]]></system-err>
      </testcase>
      <testcase name="Test Cases/TC01 - Get Request/TC02 - User not found" classname="Test Cases/TC01 - Get Request/TC02 - User not found" status="PASSED">
         <system-out><![CDATA[2018-10-24 16:03:23 - [TEST_CASE][PASSED] - Test Cases/TC01 - Get Request/TC02 - User not found: Test Cases/TC01 - Get Request/TC02 - User not found

2018-10-24 16:03:23 - [TEST_STEP][PASSED] - Statement - resp = com.kms.katalon.core.webservice.keyword.WSBuiltInKeywords.sendRequest(com.kms.katalon.core.testobject.ObjectRepository.findTestObject(Get Request/User not found)): Send request successfully

2018-10-24 16:03:29 - [MESSAGE][PASSED] - Send request successfully

2018-10-24 16:03:29 - [TEST_STEP][PASSED] - verifyResponseStatusCode: Verify response status code successfully

2018-10-24 16:03:29 - [MESSAGE][PASSED] - Verify response status code successfully]]></system-out>
         <system-err><![CDATA[]]></system-err>
      </testcase>
      <system-out><![CDATA[2018-10-24 16:03:09 - [TEST_SUITE][PASSED] - TS01 - Get: Test Cases/TC01 - Get Request/TC02 - User not found]]></system-out>
      <system-err><![CDATA[]]></system-err>
   </testsuite>
</testsuites>
